<?xml version="1.0" encoding="UTF-8"?>
<!-- Generated by org.testng.reporters.JUnitXMLReporter -->
<testsuite ignored="0" hostname="DESKTOP-9VMA4E6" failures="0" tests="7" name="Test" time="39.362" errors="0" timestamp="2024-12-10T23:00:47 IST">
  <testcase classname="testSuite.testMethods" name="validatingLauchedURL" time="0.019"/>
  <testcase classname="testSuite.testMethods" name="revenueCalculatorClickOperation" time="4.132"/>
  <testcase classname="testSuite.testMethods" name="adjustmentSlider" time="2.053"/>
  <testcase classname="testSuite.testMethods" name="sliderAdjustment" time="4.5"/>
  <testcase classname="testSuite.testMethods" name="verifyingTextFieldValue" time="11.396"/>
  <testcase classname="testSuite.testMethods" name="selectCPTCodes" time="10.637"/>
  <testcase classname="testSuite.testMethods" name="validateTotalRecurringReimbursement" time="0.081"/>
</testsuite> <!-- Test -->
