<?xml version="1.0" encoding="UTF-8"?>
<!-- Generated by org.testng.reporters.JUnitXMLReporter -->
<testsuite ignored="0" hostname="DESKTOP-9VMA4E6" failures="0" tests="7" name="Test" time="40.084" errors="0" timestamp="2024-12-11T00:23:00 IST">
  <testcase classname="testSuite.testMethods" name="validatingLauchedURL" time="0.017"/>
  <testcase classname="testSuite.testMethods" name="revenueCalculatorClickOperation" time="4.198"/>
  <testcase classname="testSuite.testMethods" name="adjustmentSlider" time="2.019"/>
  <testcase classname="testSuite.testMethods" name="sliderAdjustment" time="4.527"/>
  <testcase classname="testSuite.testMethods" name="verifyingTextFieldValue" time="11.445"/>
  <testcase classname="testSuite.testMethods" name="selectCPTCodes" time="10.857"/>
  <testcase classname="testSuite.testMethods" name="validateTotalRecurringReimbursement" time="0.033"/>
</testsuite> <!-- Test -->
