<?xml version="1.0" encoding="UTF-8"?>
<testng-results ignored="0" total="7" passed="7" failed="0" skipped="0">
  <reporter-output>
  </reporter-output>
  <suite started-at="2024-12-11T00:22:20 IST" name="Suite" finished-at="2024-12-11T00:23:00 IST" duration-ms="40084">
    <groups>
    </groups>
    <test started-at="2024-12-11T00:22:20 IST" name="Test" finished-at="2024-12-11T00:23:00 IST" duration-ms="40084">
      <class name="testSuite.testMethods">
        <test-method is-config="true" signature="setUp()[pri:0, instance:testSuite.testMethods@3e27aa33]" started-at="2024-12-11T00:22:20 IST" name="setUp" finished-at="2024-12-11T00:22:27 IST" duration-ms="6443" status="PASS">
          <reporter-output>
          </reporter-output>
        </test-method> <!-- setUp -->
        <test-method signature="validatingLauchedURL()[pri:1, instance:testSuite.testMethods@3e27aa33]" started-at="2024-12-11T00:22:27 IST" name="validatingLauchedURL" finished-at="2024-12-11T00:22:27 IST" duration-ms="17" status="PASS">
          <reporter-output>
          </reporter-output>
        </test-method> <!-- validatingLauchedURL -->
        <test-method signature="revenueCalculatorClickOperation()[pri:2, instance:testSuite.testMethods@3e27aa33]" started-at="2024-12-11T00:22:27 IST" name="revenueCalculatorClickOperation" finished-at="2024-12-11T00:22:31 IST" duration-ms="4198" status="PASS">
          <reporter-output>
          </reporter-output>
        </test-method> <!-- revenueCalculatorClickOperation -->
        <test-method signature="adjustmentSlider()[pri:3, instance:testSuite.testMethods@3e27aa33]" started-at="2024-12-11T00:22:31 IST" name="adjustmentSlider" finished-at="2024-12-11T00:22:33 IST" duration-ms="2019" status="PASS">
          <reporter-output>
          </reporter-output>
        </test-method> <!-- adjustmentSlider -->
        <test-method signature="sliderAdjustment()[pri:4, instance:testSuite.testMethods@3e27aa33]" started-at="2024-12-11T00:22:33 IST" name="sliderAdjustment" finished-at="2024-12-11T00:22:37 IST" duration-ms="4527" status="PASS">
          <reporter-output>
          </reporter-output>
        </test-method> <!-- sliderAdjustment -->
        <test-method signature="verifyingTextFieldValue()[pri:5, instance:testSuite.testMethods@3e27aa33]" started-at="2024-12-11T00:22:37 IST" name="verifyingTextFieldValue" finished-at="2024-12-11T00:22:49 IST" duration-ms="11445" status="PASS">
          <reporter-output>
          </reporter-output>
        </test-method> <!-- verifyingTextFieldValue -->
        <test-method signature="selectCPTCodes()[pri:6, instance:testSuite.testMethods@3e27aa33]" started-at="2024-12-11T00:22:49 IST" name="selectCPTCodes" finished-at="2024-12-11T00:23:00 IST" duration-ms="10857" status="PASS">
          <reporter-output>
          </reporter-output>
        </test-method> <!-- selectCPTCodes -->
        <test-method signature="validateTotalRecurringReimbursement()[pri:7, instance:testSuite.testMethods@3e27aa33]" started-at="2024-12-11T00:23:00 IST" name="validateTotalRecurringReimbursement" finished-at="2024-12-11T00:23:00 IST" duration-ms="33" status="PASS">
          <reporter-output>
          </reporter-output>
        </test-method> <!-- validateTotalRecurringReimbursement -->
        <test-method is-config="true" signature="tearDown()[pri:0, instance:testSuite.testMethods@3e27aa33]" started-at="2024-12-11T00:23:00 IST" name="tearDown" finished-at="2024-12-11T00:23:00 IST" duration-ms="462" status="PASS">
          <reporter-output>
          </reporter-output>
        </test-method> <!-- tearDown -->
      </class> <!-- testSuite.testMethods -->
    </test> <!-- Test -->
  </suite> <!-- Suite -->
</testng-results>
