<?xml version="1.0" encoding="UTF-8"?>
<testng-results ignored="0" total="7" passed="7" failed="0" skipped="0">
  <reporter-output>
  </reporter-output>
  <suite started-at="2024-12-10T23:00:08 IST" name="Suite" finished-at="2024-12-10T23:00:47 IST" duration-ms="39362">
    <groups>
    </groups>
    <test started-at="2024-12-10T23:00:08 IST" name="Test" finished-at="2024-12-10T23:00:47 IST" duration-ms="39362">
      <class name="testSuite.testMethods">
        <test-method is-config="true" signature="setUp()[pri:0, instance:testSuite.testMethods@793f29ff]" started-at="2024-12-10T23:00:08 IST" name="setUp" finished-at="2024-12-10T23:00:14 IST" duration-ms="6032" status="PASS">
          <reporter-output>
          </reporter-output>
        </test-method> <!-- setUp -->
        <test-method signature="validatingLauchedURL()[pri:1, instance:testSuite.testMethods@793f29ff]" started-at="2024-12-10T23:00:14 IST" name="validatingLauchedURL" finished-at="2024-12-10T23:00:14 IST" duration-ms="19" status="PASS">
          <reporter-output>
          </reporter-output>
        </test-method> <!-- validatingLauchedURL -->
        <test-method signature="revenueCalculatorClickOperation()[pri:2, instance:testSuite.testMethods@793f29ff]" started-at="2024-12-10T23:00:14 IST" name="revenueCalculatorClickOperation" finished-at="2024-12-10T23:00:18 IST" duration-ms="4132" status="PASS">
          <reporter-output>
          </reporter-output>
        </test-method> <!-- revenueCalculatorClickOperation -->
        <test-method signature="adjustmentSlider()[pri:3, instance:testSuite.testMethods@793f29ff]" started-at="2024-12-10T23:00:18 IST" name="adjustmentSlider" finished-at="2024-12-10T23:00:20 IST" duration-ms="2053" status="PASS">
          <reporter-output>
          </reporter-output>
        </test-method> <!-- adjustmentSlider -->
        <test-method signature="sliderAdjustment()[pri:4, instance:testSuite.testMethods@793f29ff]" started-at="2024-12-10T23:00:20 IST" name="sliderAdjustment" finished-at="2024-12-10T23:00:24 IST" duration-ms="4500" status="PASS">
          <reporter-output>
          </reporter-output>
        </test-method> <!-- sliderAdjustment -->
        <test-method signature="verifyingTextFieldValue()[pri:5, instance:testSuite.testMethods@793f29ff]" started-at="2024-12-10T23:00:24 IST" name="verifyingTextFieldValue" finished-at="2024-12-10T23:00:36 IST" duration-ms="11396" status="PASS">
          <reporter-output>
          </reporter-output>
        </test-method> <!-- verifyingTextFieldValue -->
        <test-method signature="selectCPTCodes()[pri:6, instance:testSuite.testMethods@793f29ff]" started-at="2024-12-10T23:00:36 IST" name="selectCPTCodes" finished-at="2024-12-10T23:00:47 IST" duration-ms="10637" status="PASS">
          <reporter-output>
          </reporter-output>
        </test-method> <!-- selectCPTCodes -->
        <test-method signature="validateTotalRecurringReimbursement()[pri:7, instance:testSuite.testMethods@793f29ff]" started-at="2024-12-10T23:00:47 IST" name="validateTotalRecurringReimbursement" finished-at="2024-12-10T23:00:47 IST" duration-ms="81" status="PASS">
          <reporter-output>
          </reporter-output>
        </test-method> <!-- validateTotalRecurringReimbursement -->
        <test-method is-config="true" signature="tearDown()[pri:0, instance:testSuite.testMethods@793f29ff]" started-at="2024-12-10T23:00:47 IST" name="tearDown" finished-at="2024-12-10T23:00:47 IST" duration-ms="404" status="PASS">
          <reporter-output>
          </reporter-output>
        </test-method> <!-- tearDown -->
      </class> <!-- testSuite.testMethods -->
    </test> <!-- Test -->
  </suite> <!-- Suite -->
</testng-results>
