<?xml version="1.0" encoding="UTF-8"?>
<testng-results ignored="0" total="7" passed="7" failed="0" skipped="0">
  <reporter-output>
  </reporter-output>
  <suite started-at="2024-11-25T20:18:13 IST" name="Default suite" finished-at="2024-11-25T20:18:54 IST" duration-ms="40899">
    <groups>
    </groups>
    <test started-at="2024-11-25T20:18:13 IST" name="Default test" finished-at="2024-11-25T20:18:54 IST" duration-ms="40899">
      <class name="testSuite.testMethods">
        <test-method is-config="true" signature="setUp()[pri:0, instance:testSuite.testMethods@793f29ff]" started-at="2024-11-25T20:18:13 IST" name="setUp" finished-at="2024-11-25T20:18:21 IST" duration-ms="7431" status="PASS">
          <reporter-output>
          </reporter-output>
        </test-method> <!-- setUp -->
        <test-method signature="validatingLauchedURL()[pri:1, instance:testSuite.testMethods@793f29ff]" started-at="2024-11-25T20:18:21 IST" name="validatingLauchedURL" finished-at="2024-11-25T20:18:21 IST" duration-ms="104" status="PASS">
          <reporter-output>
          </reporter-output>
        </test-method> <!-- validatingLauchedURL -->
        <test-method signature="revenueCalculatorClickOperation()[pri:2, instance:testSuite.testMethods@793f29ff]" started-at="2024-11-25T20:18:21 IST" name="revenueCalculatorClickOperation" finished-at="2024-11-25T20:18:25 IST" duration-ms="4209" status="PASS">
          <reporter-output>
          </reporter-output>
        </test-method> <!-- revenueCalculatorClickOperation -->
        <test-method signature="adjustmentSlider()[pri:3, instance:testSuite.testMethods@793f29ff]" started-at="2024-11-25T20:18:25 IST" name="adjustmentSlider" finished-at="2024-11-25T20:18:27 IST" duration-ms="2051" status="PASS">
          <reporter-output>
          </reporter-output>
        </test-method> <!-- adjustmentSlider -->
        <test-method signature="sliderAdjustment()[pri:4, instance:testSuite.testMethods@793f29ff]" started-at="2024-11-25T20:18:27 IST" name="sliderAdjustment" finished-at="2024-11-25T20:18:32 IST" duration-ms="4494" status="PASS">
          <reporter-output>
          </reporter-output>
        </test-method> <!-- sliderAdjustment -->
        <test-method signature="verifyingTextFieldValue()[pri:5, instance:testSuite.testMethods@793f29ff]" started-at="2024-11-25T20:18:32 IST" name="verifyingTextFieldValue" finished-at="2024-11-25T20:18:43 IST" duration-ms="11274" status="PASS">
          <reporter-output>
          </reporter-output>
        </test-method> <!-- verifyingTextFieldValue -->
        <test-method signature="selectCPTCodes()[pri:6, instance:testSuite.testMethods@793f29ff]" started-at="2024-11-25T20:18:43 IST" name="selectCPTCodes" finished-at="2024-11-25T20:18:54 IST" duration-ms="10689" status="PASS">
          <reporter-output>
          </reporter-output>
        </test-method> <!-- selectCPTCodes -->
        <test-method signature="validateTotalRecurringReimbursement()[pri:7, instance:testSuite.testMethods@793f29ff]" started-at="2024-11-25T20:18:54 IST" name="validateTotalRecurringReimbursement" finished-at="2024-11-25T20:18:54 IST" duration-ms="77" status="PASS">
          <reporter-output>
          </reporter-output>
        </test-method> <!-- validateTotalRecurringReimbursement -->
        <test-method is-config="true" signature="tearDown()[pri:0, instance:testSuite.testMethods@793f29ff]" started-at="2024-11-25T20:18:54 IST" name="tearDown" finished-at="2024-11-25T20:18:54 IST" duration-ms="487" status="PASS">
          <reporter-output>
          </reporter-output>
        </test-method> <!-- tearDown -->
      </class> <!-- testSuite.testMethods -->
    </test> <!-- Default test -->
  </suite> <!-- Default suite -->
</testng-results>
